[03:54:58] [main/INFO]: Loading Minecraft 1.18.2 with Fabric Loader 0.16.3
[03:54:59] [ForkJoinPool-1-worker-4/WARN]: Mod com_github_rtyley_animated-gif-lib-for-java uses the version animated-gif-lib-1.7 which isn't compatible with Loader's extended semantic version format (Could not parse version number component 'animated'!), SemVer is recommended for reliably evaluating dependencies and prioritizing newer version
[03:54:59] [main/INFO]: Loading 59 mods:
	- cloth-config 6.5.102
	   \-- cloth-basic-math 0.6.1
	- cristellib 1.0.0
	   \-- blue_endless_jankson 1.2.1
	- fabric-api 0.77.0+1.18.2
	   |-- fabric-api-base 0.4.5+64b7c69360
	   |-- fabric-api-lookup-api-v1 1.6.3+2373a54560
	   |-- fabric-biome-api-v1 8.0.7+e83becad60
	   |-- fabric-block-api-v1 1.0.0+ee3621fc60
	   |-- fabric-blockrenderlayer-v1 1.1.13+3ac43d9560
	   |-- fabric-command-api-v1 1.1.10+d7c144a860
	   |-- fabric-commands-v0 0.2.9+b4f4f6cd60
	   |-- fabric-containers-v0 0.1.24+d7c144a860
	   |-- fabric-content-registries-v0 3.1.3+c85f2e3860
	   |-- fabric-convention-tags-v1 1.1.0+43ce63a460
	   |-- fabric-crash-report-info-v1 0.2.1+ee261a3e60
	   |-- fabric-data-generation-api-v1 3.1.0+6c70b68e60
	   |-- fabric-dimensions-v1 2.1.21+489d6f8260
	   |-- fabric-entity-events-v1 1.4.9+d7c144a860
	   |-- fabric-events-interaction-v0 0.4.20+d7c144a860
	   |-- fabric-events-lifecycle-v0 0.2.22+d7c144a860
	   |-- fabric-game-rule-api-v1 1.0.13+d7c144a860
	   |-- fabric-item-api-v1 1.6.2+8165403660
	   |-- fabric-item-groups-v0 0.3.16+91896a4960
	   |-- fabric-key-binding-api-v1 1.0.12+54e5b2ec60
	   |-- fabric-keybindings-v0 0.2.10+b4f4f6cd60
	   |-- fabric-lifecycle-events-v1 2.1.1+cc71601c60
	   |-- fabric-loot-api-v2 1.1.2+1997ad1260
	   |-- fabric-loot-tables-v1 1.1.4+e747827960
	   |-- fabric-mining-level-api-v1 2.1.6+cc71601c60
	   |-- fabric-models-v0 0.3.7+d7c144a860
	   |-- fabric-networking-api-v1 1.0.24+2d30af4b60
	   |-- fabric-networking-v0 0.3.11+b4f4f6cd60
	   |-- fabric-object-builder-api-v1 2.1.5+032c981d60
	   |-- fabric-particles-v1 0.2.13+526dc1ac60
	   |-- fabric-registry-sync-v0 0.9.12+bb2e047760
	   |-- fabric-renderer-api-v1 0.5.0+bf48649860
	   |-- fabric-renderer-indigo 0.6.1+03e2b68760
	   |-- fabric-renderer-registries-v1 3.2.13+b4f4f6cd60
	   |-- fabric-rendering-data-attachment-v1 0.3.9+ee3621fc60
	   |-- fabric-rendering-fluids-v1 2.0.3+54e5b2ec60
	   |-- fabric-rendering-v0 1.1.15+b4f4f6cd60
	   |-- fabric-rendering-v1 1.11.0+b7f3cf3460
	   |-- fabric-resource-conditions-api-v1 2.0.3+91b7aa6660
	   |-- fabric-resource-loader-v0 0.5.3+047a5ecb60
	   |-- fabric-screen-api-v1 1.0.11+d882b91560
	   |-- fabric-screen-handler-api-v1 1.2.3+1f6558e860
	   |-- fabric-textures-v0 1.0.13+3ac43d9560
	   |-- fabric-transfer-api-v1 1.6.4+f4563ac860
	   \-- fabric-transitive-access-wideners-v1 1.1.0+e747827960
	- fabricloader 0.16.3
	   \-- mixinextras 0.4.1
	- fancymenu 3.3.2
	   |-- com_github_keksuccino_japng 0.5.3
	   \-- com_github_rtyley_animated-gif-lib-for-java animated-gif-lib-1.7
	- immersive_aircraft 0.5.2+1.18.2
	- immersive_melodies 0.1.2+1.18.2
	- jade 5.100.0
	- java 17
	- konkrete 1.8.0
	- melody 1.0.1
	- minecraft 1.18.2
	- notenoughanimations 1.8.1
	- ob_elevator 1.1
	- techmod 0.0.2-1.18.2
	- urlmusicdiscs 1.1.0
	   \-- net_lingala_zip4j_zip4j 2.11.5
	- voicechat 1.18.2-2.5.26
	   \-- fabric-key-binding-api-v1 1.0.12+54e5b2ec60
	- voicechatbroadcast 1.1.0-1.18.2
	- xaeroworldmap 1.39.0
[03:54:59] [main/INFO]: SpongePowered MIXIN Subsystem Version=0.8.7 Source=file:/workspaces/hjkdghjsa/servidor_minecraft/libraries/net/fabricmc/sponge-mixin/0.15.2+mixin.0.8.7/sponge-mixin-0.15.2+mixin.0.8.7.jar Service=Knot/Fabric Env=SERVER
[03:54:59] [main/INFO]: Compatibility level set to JAVA_17
[03:54:59] [main/WARN]: Reference map 'cristellib-common-refmap.json' for cristellib-common.mixins.json could not be read. If this is a development environment you can ignore this message
[03:54:59] [main/INFO]: Initializing MixinExtras via com.llamalad7.mixinextras.service.MixinExtrasServiceImpl(version=0.4.1).
[03:55:05] [main/INFO]: dumping Runtime Pack's assets and data
[03:55:05] [main/INFO]: [FANCYMENU] Loading v3.3.2 in server-side mode on FABRIC!
[03:55:05] [main/ERROR]: No data fixer registered for immersive_aircraft:gyrodyne
[03:55:05] [main/ERROR]: No data fixer registered for immersive_aircraft:biplane
[03:55:05] [main/ERROR]: No data fixer registered for immersive_aircraft:airship
[03:55:05] [main/ERROR]: No data fixer registered for immersive_aircraft:cargo_airship
[03:55:05] [main/ERROR]: No data fixer registered for immersive_aircraft:quadrocopter
[03:55:05] [main/INFO]: [KONKRETE] Successfully initialized!
[03:55:05] [main/INFO]: [KONKRETE] Server-side libs ready to use!
[03:55:05] [main/INFO]: [MELODY] Disabling Melody since it's loaded server-side.
[03:55:05] [main/INFO]: Loading OpenBlocks Elevator Mod by ImFalling...
[03:55:05] [main/INFO]: Registering mod items fortechmod
[03:55:05] [main/INFO]: registering mod blocks fortechmod
[03:55:05] [main/INFO]: [voicechat] Compatibility version 18
[03:55:05] [main/INFO]: [voicechat] Loading plugins
[03:55:05] [main/INFO]: [voicechat] Loaded 1 plugin(s)
[03:55:05] [main/INFO]: [voicechat] Initializing plugins
[03:55:05] [main/INFO]: [voicechat] Initialized 1 plugin(s)
[03:55:05] [main/INFO]: [voicechat] Registering events for 'voicechatbroadcastmod'
[03:55:05] [main/INFO]: Voicechat Broadcast Initialised
[03:55:05] [main/INFO]: Loading Xaero's World Map - Stage 1/2 (Server)
[03:55:05] [main/INFO]: Environment: authHost='https://authserver.mojang.com', accountsHost='https://api.mojang.com', sessionHost='https://sessionserver.mojang.com', servicesHost='https://api.minecraftservices.com', name='PROD'
[03:55:07] [main/INFO]: [fabric-registry-sync] Loaded registry data [file 1/4]
[03:55:08] [main/WARN]: Ambiguity between arguments [teleport, location] and [teleport, destination] with inputs: [0.1 -0.5 .9, 0 0 0]
[03:55:08] [main/WARN]: Ambiguity between arguments [teleport, location] and [teleport, targets] with inputs: [0.1 -0.5 .9, 0 0 0]
[03:55:08] [main/WARN]: Ambiguity between arguments [teleport, destination] and [teleport, targets] with inputs: [Player, 0123, @e, dd12be42-52a9-4a91-a8a1-11c01849e498]
[03:55:08] [main/WARN]: Ambiguity between arguments [teleport, targets] and [teleport, destination] with inputs: [Player, 0123, dd12be42-52a9-4a91-a8a1-11c01849e498]
[03:55:08] [main/WARN]: Ambiguity between arguments [teleport, targets, location] and [teleport, targets, destination] with inputs: [0.1 -0.5 .9, 0 0 0]
[03:55:08] [main/WARN]: Ambiguity between arguments [voicechat, join, group_id] and [voicechat, join, group_name] with inputs: [dd12be42-52a9-4a91-a8a1-11c01849e498]
[03:55:09] [Worker-Main-4/INFO]: Loaded 7 recipes
[03:55:10] [Worker-Main-4/INFO]: Loaded 1143 advancements
[03:55:12] [main/INFO]: Applied 0 biome modifications to 0 of 61 new biomes in 19.12 ms
[03:55:12] [Server thread/INFO]: Starting minecraft server version 1.18.2
[03:55:12] [Server thread/INFO]: Loading properties
[03:55:12] [Server thread/INFO]: Default game type: SURVIVAL
[03:55:12] [Server thread/INFO]: Generating keypair
[03:55:12] [Server thread/INFO]: Starting Minecraft server on *:25565
[03:55:12] [Server thread/INFO]: Using epoll channel type
[03:55:12] [Server thread/WARN]: **** SERVER IS RUNNING IN OFFLINE/INSECURE MODE!
[03:55:12] [Server thread/WARN]: The server will make no attempt to authenticate usernames. Beware.
[03:55:12] [Server thread/WARN]: While this makes the game possible to play without internet access, it also opens up the ability for hackers to connect with any username they choose.
[03:55:12] [Server thread/WARN]: To change this, set "online-mode" to "true" in the server.properties file.
[03:55:12] [Server thread/INFO]: Preparing level "world"
[03:55:12] [Server thread/INFO]: Preparing start region for dimension minecraft:overworld
[03:55:14] [Worker-Main-5/INFO]: Preparing spawn area: 0%
[03:55:14] [Worker-Main-5/INFO]: Preparing spawn area: 0%
[03:55:14] [Worker-Main-5/INFO]: Preparing spawn area: 0%
[03:55:14] [Worker-Main-6/INFO]: Preparing spawn area: 0%
[03:55:14] [Worker-Main-5/INFO]: Preparing spawn area: 0%
[03:55:15] [Worker-Main-6/INFO]: Preparing spawn area: 0%
[03:55:15] [Worker-Main-5/INFO]: Preparing spawn area: 0%
[03:55:16] [Worker-Main-5/INFO]: Preparing spawn area: 0%
[03:55:16] [Worker-Main-6/INFO]: Preparing spawn area: 0%
[03:55:17] [Worker-Main-6/INFO]: Preparing spawn area: 1%
[03:55:17] [Worker-Main-5/INFO]: Preparing spawn area: 4%
[03:55:18] [Worker-Main-6/INFO]: Preparing spawn area: 9%
[03:55:18] [Worker-Main-5/INFO]: Preparing spawn area: 37%
[03:55:19] [Worker-Main-5/INFO]: Preparing spawn area: 74%
[03:55:20] [Server thread/INFO]: Time elapsed: 7244 ms
[03:55:20] [Server thread/INFO]: Done (7.534s)! For help, type "help"
[03:55:20] [Server thread/INFO]: Start loading plugin from Jade
[03:55:20] [Server thread/INFO]: Start loading plugin from Jade
[03:55:20] [Server thread/INFO]: Start loading plugin from Jade
[03:55:20] [Server thread/WARN]: [voicechat] Running in offline mode - Voice chat encryption is not secure!
[03:55:20] [VoiceChatServerThread/INFO]: [voicechat] Voice host is 'airport-logic.gl.at.ply.gg:1905'
[03:55:20] [Server thread/INFO]: Loading Xaero's World Map - Stage 2/2 (Server)
[03:55:20] [VoiceChatServerThread/INFO]: [voicechat] Voice chat server started at port 1905
[03:59:54] [Server thread/INFO]: Reloading!
[03:59:54] [Server thread/WARN]: Ambiguity between arguments [teleport, location] and [teleport, destination] with inputs: [0.1 -0.5 .9, 0 0 0]
[03:59:54] [Server thread/WARN]: Ambiguity between arguments [teleport, location] and [teleport, targets] with inputs: [0.1 -0.5 .9, 0 0 0]
[03:59:54] [Server thread/WARN]: Ambiguity between arguments [teleport, destination] and [teleport, targets] with inputs: [Player, 0123, @e, dd12be42-52a9-4a91-a8a1-11c01849e498]
[03:59:54] [Server thread/WARN]: Ambiguity between arguments [teleport, targets] and [teleport, destination] with inputs: [Player, 0123, dd12be42-52a9-4a91-a8a1-11c01849e498]
[03:59:54] [Server thread/WARN]: Ambiguity between arguments [teleport, targets, location] and [teleport, targets, destination] with inputs: [0.1 -0.5 .9, 0 0 0]
[03:59:54] [Server thread/WARN]: Ambiguity between arguments [voicechat, join, group_id] and [voicechat, join, group_name] with inputs: [dd12be42-52a9-4a91-a8a1-11c01849e498]
[03:59:54] [Server thread/INFO]: Loaded 7 recipes
[03:59:54] [Server thread/INFO]: Loaded 1143 advancements
[04:00:41] [Server thread/INFO]: pablorelojero[/127.67.114.219:55479] logged in with entity id 160 at (66.07141717137691, 70.0, -152.08823615079953)
[04:00:41] [Server thread/INFO]: Syncing config to pablorelojero (8b4148a7-95b4-3cf1-bf08-985717a684d3)
[04:00:41] [Server thread/INFO]: pablorelojero joined the game
[04:00:42] [Server thread/INFO]: [voicechat] Received secret request of pablorelojero (18)
[04:00:42] [Server thread/INFO]: [voicechat] Sent secret to pablorelojero
[04:00:43] [VoiceChatPacketProcessingThread/INFO]: [voicechat] Successfully authenticated player 8b4148a7-95b4-3cf1-bf08-985717a684d3
[04:00:44] [VoiceChatPacketProcessingThread/INFO]: [voicechat] Successfully validated connection of player 8b4148a7-95b4-3cf1-bf08-985717a684d3
[04:00:44] [VoiceChatPacketProcessingThread/INFO]: [voicechat] Player pablorelojero (8b4148a7-95b4-3cf1-bf08-985717a684d3) successfully connected to voice chat
[04:03:06] [Server thread/INFO]: pablorelojero lost connection: Disconnected
[04:03:06] [Server thread/INFO]: pablorelojero left the game
[04:03:06] [Server thread/INFO]: [voicechat] Disconnecting client pablorelojero
[04:03:37] [Server thread/INFO]: pablorelojero[/127.67.114.219:54005] logged in with entity id 2041 at (378.6158572651786, 65.00133597911214, -153.59717130620737)
[04:03:37] [Server thread/INFO]: Syncing config to pablorelojero (8b4148a7-95b4-3cf1-bf08-985717a684d3)
[04:03:37] [Server thread/INFO]: pablorelojero joined the game
[04:03:38] [Server thread/INFO]: [voicechat] Received secret request of pablorelojero (18)
[04:03:38] [Server thread/INFO]: [voicechat] Sent secret to pablorelojero
[04:03:39] [VoiceChatPacketProcessingThread/INFO]: [voicechat] Successfully authenticated player 8b4148a7-95b4-3cf1-bf08-985717a684d3
[04:03:40] [VoiceChatPacketProcessingThread/INFO]: [voicechat] Successfully validated connection of player 8b4148a7-95b4-3cf1-bf08-985717a684d3
[04:03:40] [VoiceChatPacketProcessingThread/INFO]: [voicechat] Player pablorelojero (8b4148a7-95b4-3cf1-bf08-985717a684d3) successfully connected to voice chat
